C51 COMPILER V9.60.7.0   2_2_3_3                                                           09/18/2023 14:15:46 PAGE 1   


C51 COMPILER V9.60.7.0, COMPILATION OF MODULE 2_2_3_3
OBJECT MODULE PLACED IN .\Objects\2.2.3.3.obj
COMPILER INVOKED BY: C:\Keil_v5\C51\BIN\C51.EXE 2.2.3.3.c OPTIMIZE(8,SPEED) BROWSE DEBUG OBJECTEXTEND PRINT(.\Listings\2
                    -.2.3.3.lst) TABS(2) OBJECT(.\Objects\2.2.3.3.obj)

line level    source

   1          #include <regx51.h>
   2          
   3          void main(void)
   4          {
   5   1          unsigned char data_byte;  // Declare an 8-bit variable to store data
   6   1          P0 = 0xFF;               // Set Port 0 to all high (0xFF)
   7   1      
   8   1          while(1)
   9   1          {
  10   2              data_byte = P0;      // Read data from Port 0
  11   2      
  12   2              if (data_byte > 99)
  13   2                  P1 = data_byte;  // If data is greater than 99, assign it to Port 1
  14   2              else
  15   2                  P2 = data_byte;  // Otherwise, assign it to Port 2
  16   2          }
  17   1      }


MODULE INFORMATION:   STATIC OVERLAYABLE
   CODE SIZE        =     19    ----
   CONSTANT SIZE    =   ----    ----
   XDATA SIZE       =   ----    ----
   PDATA SIZE       =   ----    ----
   DATA SIZE        =   ----    ----
   IDATA SIZE       =   ----    ----
   BIT SIZE         =   ----    ----
END OF MODULE INFORMATION.


C51 COMPILATION COMPLETE.  0 WARNING(S),  0 ERROR(S)
