C51 COMPILER V9.60.7.0   2_2_5_1                                                           09/25/2023 15:46:58 PAGE 1   


C51 COMPILER V9.60.7.0, COMPILATION OF MODULE 2_2_5_1
OBJECT MODULE PLACED IN .\Objects\2.2.5.1.obj
COMPILER INVOKED BY: C:\Keil_v5\C51\BIN\C51.EXE 2.2.5.1.c OPTIMIZE(8,SPEED) BROWSE DEBUG OBJECTEXTEND PRINT(.\Listings\2
                    -.2.5.1.lst) TABS(2) OBJECT(.\Objects\2.2.5.1.obj)

line level    source

   1          #include<regx51.h>
   2          void my_delay(unsigned int);
   3          void main(void)
   4          {
   5   1        unsigned int i;
   6   1      P1=00;
   7   1      for(i=0;i<=255;i++)
   8   1      {
   9   2      P1++;
  10   2      my_delay(200);
  11   2      }
  12   1      }
  13          void my_delay(unsigned int my_time)
  14          {
  15   1      unsigned int j,k;
  16   1      for(j=0;my_time;j++)
  17   1        {
  18   2      for(k=0;k<1275;k++)
  19   2          {
  20   3          }
  21   2      }
  22   1        }


MODULE INFORMATION:   STATIC OVERLAYABLE
   CODE SIZE        =     63    ----
   CONSTANT SIZE    =   ----    ----
   XDATA SIZE       =   ----    ----
   PDATA SIZE       =   ----    ----
   DATA SIZE        =   ----       2
   IDATA SIZE       =   ----    ----
   BIT SIZE         =   ----    ----
END OF MODULE INFORMATION.


C51 COMPILATION COMPLETE.  0 WARNING(S),  0 ERROR(S)
