C51 COMPILER V9.60.7.0   2_2_5_4                                                           09/26/2023 13:40:01 PAGE 1   


C51 COMPILER V9.60.7.0, COMPILATION OF MODULE 2_2_5_4
OBJECT MODULE PLACED IN .\Objects\2.2.5.4.obj
COMPILER INVOKED BY: C:\Keil_v5\C51\BIN\C51.EXE 2.2.5.4.c OPTIMIZE(8,SPEED) BROWSE DEBUG OBJECTEXTEND PRINT(.\Listings\2
                    -.2.5.4.lst) TABS(2) OBJECT(.\Objects\2.2.5.4.obj)

line level    source

   1          #include<regx51.h>
   2          void add_delay(unsigned int);
   3          sbit data_bit=P1^2;
   4          void main(void)
   5          {
   6   1      while(1)
   7   1      {
   8   2      data_bit=1;
   9   2      add_delay(50);
  10   2      data_bit=0;
  11   2      add_delay(50);
  12   2      }
  13   1      }
  14          void add_delay(unsigned int delay_time)
  15          {
  16   1      unsigned int x,y;
  17   1      for(x=0;x<delay_time;x++)
  18   1        {
  19   2      for(y=0;y<1275;y++)
  20   2          {
  21   3                  // This is a placeholder for delay; you may need to add actual delay code here.
  22   3              }
  23   2        }
  24   1      }


MODULE INFORMATION:   STATIC OVERLAYABLE
   CODE SIZE        =     52    ----
   CONSTANT SIZE    =   ----    ----
   XDATA SIZE       =   ----    ----
   PDATA SIZE       =   ----    ----
   DATA SIZE        =   ----    ----
   IDATA SIZE       =   ----    ----
   BIT SIZE         =   ----    ----
END OF MODULE INFORMATION.


C51 COMPILATION COMPLETE.  0 WARNING(S),  0 ERROR(S)
