C51 COMPILER V9.60.7.0   2_2_5_3                                                           09/26/2023 13:27:05 PAGE 1   


C51 COMPILER V9.60.7.0, COMPILATION OF MODULE 2_2_5_3
OBJECT MODULE PLACED IN .\Objects\2.2.5.3.obj
COMPILER INVOKED BY: C:\Keil_v5\C51\BIN\C51.EXE 2.2.5.3.c OPTIMIZE(8,SPEED) BROWSE DEBUG OBJECTEXTEND PRINT(.\Listings\2
                    -.2.5.3.lst) TABS(2) OBJECT(.\Objects\2.2.5.3.obj)

line level    source

   1          #include <regx51.h>
   2          
   3          void add_delay(unsigned int);
   4          
   5          void main(void)
   6          {
   7   1          while(1)
   8   1          {
   9   2              P0=0xAA;
  10   2              add_delay(200);
  11   2              P1=0xAA;
  12   2              add_delay(200);
  13   2              P2=0xAA;
  14   2              add_delay(200);
  15   2              P0=0x55;
  16   2              add_delay(200);
  17   2              P1=0x55;
  18   2              add_delay(200);
  19   2              P2=0x55;
  20   2              add_delay(200);
  21   2          }
  22   1      }
  23          
  24          void add_delay(unsigned int delay_time)
  25          {
  26   1          unsigned int x,y;
  27   1          for(x=0; x<delay_time; x++)
  28   1          {
  29   2              for(y=0; y<1275; y++);
  30   2          }
  31   1      }


MODULE INFORMATION:   STATIC OVERLAYABLE
   CODE SIZE        =     74    ----
   CONSTANT SIZE    =   ----    ----
   XDATA SIZE       =   ----    ----
   PDATA SIZE       =   ----    ----
   DATA SIZE        =   ----    ----
   IDATA SIZE       =   ----    ----
   BIT SIZE         =   ----    ----
END OF MODULE INFORMATION.


C51 COMPILATION COMPLETE.  0 WARNING(S),  0 ERROR(S)
